0 info it worked if it ends with ok
1 verbose cli [ '/Users/skladchikov/.nvm/versions/node/v5.7.1/bin/node',
1 verbose cli   '/Users/skladchikov/.nvm/versions/node/v5.7.1/bin/npm',
1 verbose cli   'run',
1 verbose cli   'test' ]
2 info using npm@3.6.0
3 info using node@v5.7.1
4 verbose run-script [ 'pretest', 'test', 'posttest' ]
5 info lifecycle webpack-kotlin-loader@0.1.0~pretest: webpack-kotlin-loader@0.1.0
6 silly lifecycle webpack-kotlin-loader@0.1.0~pretest: no script for pretest, continuing
7 info lifecycle webpack-kotlin-loader@0.1.0~test: webpack-kotlin-loader@0.1.0
8 verbose lifecycle webpack-kotlin-loader@0.1.0~test: unsafe-perm in lifecycle true
9 verbose lifecycle webpack-kotlin-loader@0.1.0~test: PATH: /Users/skladchikov/.nvm/versions/node/v5.7.1/lib/node_modules/npm/bin/node-gyp-bin:/Users/skladchikov/Documents/github/kotlin-loader/node_modules/.bin:/Users/skladchikov/.nvm/versions/node/v5.7.1/bin:/usr/local/bin:/usr/bin:/bin:/usr/sbin:/sbin
10 verbose lifecycle webpack-kotlin-loader@0.1.0~test: CWD: /Users/skladchikov/Documents/github/kotlin-loader
11 silly lifecycle webpack-kotlin-loader@0.1.0~test: Args: [ '-c', 'bash ./acceptance-test.sh' ]
12 silly lifecycle webpack-kotlin-loader@0.1.0~test: Returned: code: 123  signal: null
13 info lifecycle webpack-kotlin-loader@0.1.0~test: Failed to exec test script
14 verbose stack Error: webpack-kotlin-loader@0.1.0 test: `bash ./acceptance-test.sh`
14 verbose stack Exit status 123
14 verbose stack     at EventEmitter.<anonymous> (/Users/skladchikov/.nvm/versions/node/v5.7.1/lib/node_modules/npm/lib/utils/lifecycle.js:232:16)
14 verbose stack     at emitTwo (events.js:100:13)
14 verbose stack     at EventEmitter.emit (events.js:185:7)
14 verbose stack     at ChildProcess.<anonymous> (/Users/skladchikov/.nvm/versions/node/v5.7.1/lib/node_modules/npm/lib/utils/spawn.js:24:14)
14 verbose stack     at emitTwo (events.js:100:13)
14 verbose stack     at ChildProcess.emit (events.js:185:7)
14 verbose stack     at maybeClose (internal/child_process.js:827:16)
14 verbose stack     at Process.ChildProcess._handle.onexit (internal/child_process.js:211:5)
15 verbose pkgid webpack-kotlin-loader@0.1.0
16 verbose cwd /Users/skladchikov/Documents/github/kotlin-loader/compiler
17 error Darwin 15.5.0
18 error argv "/Users/skladchikov/.nvm/versions/node/v5.7.1/bin/node" "/Users/skladchikov/.nvm/versions/node/v5.7.1/bin/npm" "run" "test"
19 error node v5.7.1
20 error npm  v3.6.0
21 error code ELIFECYCLE
22 error webpack-kotlin-loader@0.1.0 test: `bash ./acceptance-test.sh`
22 error Exit status 123
23 error Failed at the webpack-kotlin-loader@0.1.0 test script 'bash ./acceptance-test.sh'.
23 error Make sure you have the latest version of node.js and npm installed.
23 error If you do, this is most likely a problem with the webpack-kotlin-loader package,
23 error not with npm itself.
23 error Tell the author that this fails on your system:
23 error     bash ./acceptance-test.sh
23 error You can get information on how to open an issue for this project with:
23 error     npm bugs webpack-kotlin-loader
23 error Or if that isn't available, you can get their info via:
23 error     npm owner ls webpack-kotlin-loader
23 error There is likely additional logging output above.
24 verbose exit [ 1, true ]
